[2025-04-21 13:38:25] local.ERROR: Class "App\Models\Logo" not found {"exception":"[object] (Error(code: 0): Class \"App\\Models\\Logo\" not found at /var/www/html/vendor/z3d0x/filament-logger/src/FilamentLoggerServiceProvider.php:73)
[stacktrace]
#0 /var/www/html/vendor/spatie/laravel-package-tools/src/PackageServiceProvider.php(91): Z3d0X\\FilamentLogger\\FilamentLoggerServiceProvider->packageBooted()
#1 /var/www/html/vendor/laravel/framework/src/Illuminate/Container/BoundMethod.php(36): Spatie\\LaravelPackageTools\\PackageServiceProvider->boot()
#2 /var/www/html/vendor/laravel/framework/src/Illuminate/Container/Util.php(43): Illuminate\\Container\\BoundMethod::Illuminate\\Container\\{closure}()
#3 /var/www/html/vendor/laravel/framework/src/Illuminate/Container/BoundMethod.php(96): Illuminate\\Container\\Util::unwrapIfClosure(Object(Closure))
#4 /var/www/html/vendor/laravel/framework/src/Illuminate/Container/BoundMethod.php(35): Illuminate\\Container\\BoundMethod::callBoundMethod(Object(Illuminate\\Foundation\\Application), Array, Object(Closure))
#5 /var/www/html/vendor/laravel/framework/src/Illuminate/Container/Container.php(754): Illuminate\\Container\\BoundMethod::call(Object(Illuminate\\Foundation\\Application), Array, Array, NULL)
#6 /var/www/html/vendor/laravel/framework/src/Illuminate/Foundation/Application.php(1150): Illuminate\\Container\\Container->call(Array)
#7 /var/www/html/vendor/laravel/framework/src/Illuminate/Foundation/Application.php(1131): Illuminate\\Foundation\\Application->bootProvider(Object(Z3d0X\\FilamentLogger\\FilamentLoggerServiceProvider))
#8 [internal function]: Illuminate\\Foundation\\Application->Illuminate\\Foundation\\{closure}(Object(Z3d0X\\FilamentLogger\\FilamentLoggerServiceProvider), 'Z3d0X\\\\FilamentL...')
#9 /var/www/html/vendor/laravel/framework/src/Illuminate/Foundation/Application.php(1130): array_walk(Array, Object(Closure))
#10 /var/www/html/vendor/laravel/framework/src/Illuminate/Foundation/Bootstrap/BootProviders.php(17): Illuminate\\Foundation\\Application->boot()
#11 /var/www/html/vendor/laravel/framework/src/Illuminate/Foundation/Application.php(341): Illuminate\\Foundation\\Bootstrap\\BootProviders->bootstrap(Object(Illuminate\\Foundation\\Application))
#12 /var/www/html/vendor/laravel/framework/src/Illuminate/Foundation/Http/Kernel.php(186): Illuminate\\Foundation\\Application->bootstrapWith(Array)
#13 /var/www/html/vendor/laravel/framework/src/Illuminate/Foundation/Http/Kernel.php(170): Illuminate\\Foundation\\Http\\Kernel->bootstrap()
#14 /var/www/html/vendor/laravel/framework/src/Illuminate/Foundation/Http/Kernel.php(144): Illuminate\\Foundation\\Http\\Kernel->sendRequestThroughRouter(Object(Illuminate\\Http\\Request))
#15 /var/www/html/vendor/laravel/framework/src/Illuminate/Foundation/Application.php(1219): Illuminate\\Foundation\\Http\\Kernel->handle(Object(Illuminate\\Http\\Request))
#16 /var/www/html/public/index.php(20): Illuminate\\Foundation\\Application->handleRequest(Object(Illuminate\\Http\\Request))
#17 {main}
"} 
[2025-04-21 13:40:38] local.ERROR: Class "App\Filament\Admin\Resources\LogoResource\Pages\ListLogos" not found {"exception":"[object] (Error(code: 0): Class \"App\\Filament\\Admin\\Resources\\LogoResource\\Pages\\ListLogos\" not found at /var/www/html/app/Filament/Admin/Resources/LogoResource.php:59)
[stacktrace]
#0 /var/www/html/vendor/filament/filament/src/Panel/Concerns/HasComponents.php(525): App\\Filament\\Admin\\Resources\\LogoResource::getPages()
#1 /var/www/html/vendor/filament/filament/src/Panel.php(69): Filament\\Panel->registerLivewireComponents()
#2 /var/www/html/vendor/filament/filament/src/PanelRegistry.php(19): Filament\\Panel->register()
#3 /var/www/html/vendor/filament/filament/src/Facades/Filament.php(140): Filament\\PanelRegistry->register(Object(Filament\\Panel))
#4 /var/www/html/vendor/laravel/framework/src/Illuminate/Container/Container.php(1495): Filament\\Facades\\Filament::Filament\\Facades\\{closure}(Object(Filament\\PanelRegistry), Object(Illuminate\\Foundation\\Application))
#5 /var/www/html/vendor/laravel/framework/src/Illuminate/Container/Container.php(1413): Illuminate\\Container\\Container->fireCallbackArray(Object(Filament\\PanelRegistry), Array)
#6 /var/www/html/vendor/laravel/framework/src/Illuminate/Container/Container.php(908): Illuminate\\Container\\Container->fireResolvingCallbacks('Filament\\\\PanelR...', Object(Filament\\PanelRegistry))
#7 /var/www/html/vendor/laravel/framework/src/Illuminate/Foundation/Application.php(1077): Illuminate\\Container\\Container->resolve('Filament\\\\PanelR...', Array, true)
#8 /var/www/html/vendor/laravel/framework/src/Illuminate/Container/Container.php(821): Illuminate\\Foundation\\Application->resolve('Filament\\\\PanelR...', Array)
#9 /var/www/html/vendor/laravel/framework/src/Illuminate/Foundation/Application.php(1057): Illuminate\\Container\\Container->make('Filament\\\\PanelR...', Array)
#10 /var/www/html/vendor/laravel/framework/src/Illuminate/Foundation/helpers.php(124): Illuminate\\Foundation\\Application->make('Filament\\\\PanelR...', Array)
#11 /var/www/html/vendor/filament/filament/src/FilamentManager.php(51): app('Filament\\\\PanelR...')
#12 /var/www/html/vendor/filament/filament/src/FilamentServiceProvider.php(48): Filament\\FilamentManager->__construct()
#13 /var/www/html/vendor/laravel/framework/src/Illuminate/Container/Container.php(1010): Filament\\FilamentServiceProvider->Filament\\{closure}(Object(Illuminate\\Foundation\\Application), Array)
#14 /var/www/html/vendor/laravel/framework/src/Illuminate/Container/Container.php(890): Illuminate\\Container\\Container->build(Object(Closure))
#15 /var/www/html/vendor/laravel/framework/src/Illuminate/Foundation/Application.php(1077): Illuminate\\Container\\Container->resolve('filament', Array, true)
#16 /var/www/html/vendor/laravel/framework/src/Illuminate/Container/Container.php(821): Illuminate\\Foundation\\Application->resolve('filament', Array)
#17 /var/www/html/vendor/laravel/framework/src/Illuminate/Foundation/Application.php(1057): Illuminate\\Container\\Container->make('filament', Array)
#18 /var/www/html/vendor/laravel/framework/src/Illuminate/Container/Container.php(1643): Illuminate\\Foundation\\Application->make('filament')
#19 /var/www/html/vendor/laravel/framework/src/Illuminate/Support/Facades/Facade.php(239): Illuminate\\Container\\Container->offsetGet('filament')
#20 /var/www/html/vendor/laravel/framework/src/Illuminate/Support/Facades/Facade.php(210): Illuminate\\Support\\Facades\\Facade::resolveFacadeInstance('filament')
#21 /var/www/html/vendor/laravel/framework/src/Illuminate/Support/Facades/Facade.php(355): Illuminate\\Support\\Facades\\Facade::getFacadeRoot()
#22 /var/www/html/vendor/filament/filament/routes/web.php(13): Illuminate\\Support\\Facades\\Facade::__callStatic('getPanels', Array)
#23 /var/www/html/vendor/laravel/framework/src/Illuminate/Routing/Router.php(510): Illuminate\\Support\\ServiceProvider->{closure}(Object(Illuminate\\Routing\\Router))
#24 /var/www/html/vendor/laravel/framework/src/Illuminate/Routing/Router.php(466): Illuminate\\Routing\\Router->loadRoutes(Object(Closure))
#25 /var/www/html/vendor/laravel/framework/src/Illuminate/Routing/RouteRegistrar.php(206): Illuminate\\Routing\\Router->group(Array, Object(Closure))
#26 /var/www/html/vendor/filament/filament/routes/web.php(12): Illuminate\\Routing\\RouteRegistrar->group(Object(Closure))
#27 /var/www/html/vendor/laravel/framework/src/Illuminate/Support/ServiceProvider.php(194): require('/var/www/html/v...')
#28 /var/www/html/vendor/spatie/laravel-package-tools/src/Concerns/PackageServiceProvider/ProcessRoutes.php(14): Illuminate\\Support\\ServiceProvider->loadRoutesFrom('/var/www/html/v...')
#29 /var/www/html/vendor/spatie/laravel-package-tools/src/PackageServiceProvider.php(85): Spatie\\LaravelPackageTools\\PackageServiceProvider->bootPackageRoutes()
#30 /var/www/html/vendor/laravel/framework/src/Illuminate/Container/BoundMethod.php(36): Spatie\\LaravelPackageTools\\PackageServiceProvider->boot()
#31 /var/www/html/vendor/laravel/framework/src/Illuminate/Container/Util.php(43): Illuminate\\Container\\BoundMethod::Illuminate\\Container\\{closure}()
#32 /var/www/html/vendor/laravel/framework/src/Illuminate/Container/BoundMethod.php(96): Illuminate\\Container\\Util::unwrapIfClosure(Object(Closure))
#33 /var/www/html/vendor/laravel/framework/src/Illuminate/Container/BoundMethod.php(35): Illuminate\\Container\\BoundMethod::callBoundMethod(Object(Illuminate\\Foundation\\Application), Array, Object(Closure))
#34 /var/www/html/vendor/laravel/framework/src/Illuminate/Container/Container.php(754): Illuminate\\Container\\BoundMethod::call(Object(Illuminate\\Foundation\\Application), Array, Array, NULL)
#35 /var/www/html/vendor/laravel/framework/src/Illuminate/Foundation/Application.php(1150): Illuminate\\Container\\Container->call(Array)
#36 /var/www/html/vendor/laravel/framework/src/Illuminate/Foundation/Application.php(1131): Illuminate\\Foundation\\Application->bootProvider(Object(Filament\\FilamentServiceProvider))
#37 [internal function]: Illuminate\\Foundation\\Application->Illuminate\\Foundation\\{closure}(Object(Filament\\FilamentServiceProvider), 'Filament\\\\Filame...')
#38 /var/www/html/vendor/laravel/framework/src/Illuminate/Foundation/Application.php(1130): array_walk(Array, Object(Closure))
#39 /var/www/html/vendor/laravel/framework/src/Illuminate/Foundation/Bootstrap/BootProviders.php(17): Illuminate\\Foundation\\Application->boot()
#40 /var/www/html/vendor/laravel/framework/src/Illuminate/Foundation/Application.php(341): Illuminate\\Foundation\\Bootstrap\\BootProviders->bootstrap(Object(Illuminate\\Foundation\\Application))
#41 /var/www/html/vendor/laravel/framework/src/Illuminate/Foundation/Http/Kernel.php(186): Illuminate\\Foundation\\Application->bootstrapWith(Array)
#42 /var/www/html/vendor/laravel/framework/src/Illuminate/Foundation/Http/Kernel.php(170): Illuminate\\Foundation\\Http\\Kernel->bootstrap()
#43 /var/www/html/vendor/laravel/framework/src/Illuminate/Foundation/Http/Kernel.php(144): Illuminate\\Foundation\\Http\\Kernel->sendRequestThroughRouter(Object(Illuminate\\Http\\Request))
#44 /var/www/html/vendor/laravel/framework/src/Illuminate/Foundation/Application.php(1219): Illuminate\\Foundation\\Http\\Kernel->handle(Object(Illuminate\\Http\\Request))
#45 /var/www/html/public/index.php(20): Illuminate\\Foundation\\Application->handleRequest(Object(Illuminate\\Http\\Request))
#46 {main}
"} 
[2025-04-21 13:41:08] local.ERROR: Class "App\Filament\Admin\Resources\LogoResource\Pages\ListLogos" not found {"exception":"[object] (Error(code: 0): Class \"App\\Filament\\Admin\\Resources\\LogoResource\\Pages\\ListLogos\" not found at /var/www/html/app/Filament/Admin/Resources/LogoResource.php:59)
[stacktrace]
#0 /var/www/html/vendor/filament/filament/src/Panel/Concerns/HasComponents.php(525): App\\Filament\\Admin\\Resources\\LogoResource::getPages()
#1 /var/www/html/vendor/filament/filament/src/Panel.php(69): Filament\\Panel->registerLivewireComponents()
#2 /var/www/html/vendor/filament/filament/src/PanelRegistry.php(19): Filament\\Panel->register()
#3 /var/www/html/vendor/filament/filament/src/Facades/Filament.php(140): Filament\\PanelRegistry->register(Object(Filament\\Panel))
#4 /var/www/html/vendor/laravel/framework/src/Illuminate/Container/Container.php(1495): Filament\\Facades\\Filament::Filament\\Facades\\{closure}(Object(Filament\\PanelRegistry), Object(Illuminate\\Foundation\\Application))
#5 /var/www/html/vendor/laravel/framework/src/Illuminate/Container/Container.php(1413): Illuminate\\Container\\Container->fireCallbackArray(Object(Filament\\PanelRegistry), Array)
#6 /var/www/html/vendor/laravel/framework/src/Illuminate/Container/Container.php(908): Illuminate\\Container\\Container->fireResolvingCallbacks('Filament\\\\PanelR...', Object(Filament\\PanelRegistry))
#7 /var/www/html/vendor/laravel/framework/src/Illuminate/Foundation/Application.php(1077): Illuminate\\Container\\Container->resolve('Filament\\\\PanelR...', Array, true)
#8 /var/www/html/vendor/laravel/framework/src/Illuminate/Container/Container.php(821): Illuminate\\Foundation\\Application->resolve('Filament\\\\PanelR...', Array)
#9 /var/www/html/vendor/laravel/framework/src/Illuminate/Foundation/Application.php(1057): Illuminate\\Container\\Container->make('Filament\\\\PanelR...', Array)
#10 /var/www/html/vendor/laravel/framework/src/Illuminate/Foundation/helpers.php(124): Illuminate\\Foundation\\Application->make('Filament\\\\PanelR...', Array)
#11 /var/www/html/vendor/filament/filament/src/FilamentManager.php(51): app('Filament\\\\PanelR...')
#12 /var/www/html/vendor/filament/filament/src/FilamentServiceProvider.php(48): Filament\\FilamentManager->__construct()
#13 /var/www/html/vendor/laravel/framework/src/Illuminate/Container/Container.php(1010): Filament\\FilamentServiceProvider->Filament\\{closure}(Object(Illuminate\\Foundation\\Application), Array)
#14 /var/www/html/vendor/laravel/framework/src/Illuminate/Container/Container.php(890): Illuminate\\Container\\Container->build(Object(Closure))
#15 /var/www/html/vendor/laravel/framework/src/Illuminate/Foundation/Application.php(1077): Illuminate\\Container\\Container->resolve('filament', Array, true)
#16 /var/www/html/vendor/laravel/framework/src/Illuminate/Container/Container.php(821): Illuminate\\Foundation\\Application->resolve('filament', Array)
#17 /var/www/html/vendor/laravel/framework/src/Illuminate/Foundation/Application.php(1057): Illuminate\\Container\\Container->make('filament', Array)
#18 /var/www/html/vendor/laravel/framework/src/Illuminate/Container/Container.php(1643): Illuminate\\Foundation\\Application->make('filament')
#19 /var/www/html/vendor/laravel/framework/src/Illuminate/Support/Facades/Facade.php(239): Illuminate\\Container\\Container->offsetGet('filament')
#20 /var/www/html/vendor/laravel/framework/src/Illuminate/Support/Facades/Facade.php(210): Illuminate\\Support\\Facades\\Facade::resolveFacadeInstance('filament')
#21 /var/www/html/vendor/laravel/framework/src/Illuminate/Support/Facades/Facade.php(355): Illuminate\\Support\\Facades\\Facade::getFacadeRoot()
#22 /var/www/html/vendor/filament/filament/routes/web.php(13): Illuminate\\Support\\Facades\\Facade::__callStatic('getPanels', Array)
#23 /var/www/html/vendor/laravel/framework/src/Illuminate/Routing/Router.php(510): Illuminate\\Support\\ServiceProvider->{closure}(Object(Illuminate\\Routing\\Router))
#24 /var/www/html/vendor/laravel/framework/src/Illuminate/Routing/Router.php(466): Illuminate\\Routing\\Router->loadRoutes(Object(Closure))
#25 /var/www/html/vendor/laravel/framework/src/Illuminate/Routing/RouteRegistrar.php(206): Illuminate\\Routing\\Router->group(Array, Object(Closure))
#26 /var/www/html/vendor/filament/filament/routes/web.php(12): Illuminate\\Routing\\RouteRegistrar->group(Object(Closure))
#27 /var/www/html/vendor/laravel/framework/src/Illuminate/Support/ServiceProvider.php(194): require('/var/www/html/v...')
#28 /var/www/html/vendor/spatie/laravel-package-tools/src/Concerns/PackageServiceProvider/ProcessRoutes.php(14): Illuminate\\Support\\ServiceProvider->loadRoutesFrom('/var/www/html/v...')
#29 /var/www/html/vendor/spatie/laravel-package-tools/src/PackageServiceProvider.php(85): Spatie\\LaravelPackageTools\\PackageServiceProvider->bootPackageRoutes()
#30 /var/www/html/vendor/laravel/framework/src/Illuminate/Container/BoundMethod.php(36): Spatie\\LaravelPackageTools\\PackageServiceProvider->boot()
#31 /var/www/html/vendor/laravel/framework/src/Illuminate/Container/Util.php(43): Illuminate\\Container\\BoundMethod::Illuminate\\Container\\{closure}()
#32 /var/www/html/vendor/laravel/framework/src/Illuminate/Container/BoundMethod.php(96): Illuminate\\Container\\Util::unwrapIfClosure(Object(Closure))
#33 /var/www/html/vendor/laravel/framework/src/Illuminate/Container/BoundMethod.php(35): Illuminate\\Container\\BoundMethod::callBoundMethod(Object(Illuminate\\Foundation\\Application), Array, Object(Closure))
#34 /var/www/html/vendor/laravel/framework/src/Illuminate/Container/Container.php(754): Illuminate\\Container\\BoundMethod::call(Object(Illuminate\\Foundation\\Application), Array, Array, NULL)
#35 /var/www/html/vendor/laravel/framework/src/Illuminate/Foundation/Application.php(1150): Illuminate\\Container\\Container->call(Array)
#36 /var/www/html/vendor/laravel/framework/src/Illuminate/Foundation/Application.php(1131): Illuminate\\Foundation\\Application->bootProvider(Object(Filament\\FilamentServiceProvider))
#37 [internal function]: Illuminate\\Foundation\\Application->Illuminate\\Foundation\\{closure}(Object(Filament\\FilamentServiceProvider), 'Filament\\\\Filame...')
#38 /var/www/html/vendor/laravel/framework/src/Illuminate/Foundation/Application.php(1130): array_walk(Array, Object(Closure))
#39 /var/www/html/vendor/laravel/framework/src/Illuminate/Foundation/Bootstrap/BootProviders.php(17): Illuminate\\Foundation\\Application->boot()
#40 /var/www/html/vendor/laravel/framework/src/Illuminate/Foundation/Application.php(341): Illuminate\\Foundation\\Bootstrap\\BootProviders->bootstrap(Object(Illuminate\\Foundation\\Application))
#41 /var/www/html/vendor/laravel/framework/src/Illuminate/Foundation/Http/Kernel.php(186): Illuminate\\Foundation\\Application->bootstrapWith(Array)
#42 /var/www/html/vendor/laravel/framework/src/Illuminate/Foundation/Http/Kernel.php(170): Illuminate\\Foundation\\Http\\Kernel->bootstrap()
#43 /var/www/html/vendor/laravel/framework/src/Illuminate/Foundation/Http/Kernel.php(144): Illuminate\\Foundation\\Http\\Kernel->sendRequestThroughRouter(Object(Illuminate\\Http\\Request))
#44 /var/www/html/vendor/laravel/framework/src/Illuminate/Foundation/Application.php(1219): Illuminate\\Foundation\\Http\\Kernel->handle(Object(Illuminate\\Http\\Request))
#45 /var/www/html/public/index.php(20): Illuminate\\Foundation\\Application->handleRequest(Object(Illuminate\\Http\\Request))
#46 {main}
"} 
[2025-04-21 13:45:41] local.ERROR: Class "App\Filament\Admin\Resources\LogoResource\Pages\ListLogos" not found {"exception":"[object] (Error(code: 0): Class \"App\\Filament\\Admin\\Resources\\LogoResource\\Pages\\ListLogos\" not found at /var/www/html/app/Filament/Admin/Resources/LogoResource.php:59)
[stacktrace]
#0 /var/www/html/vendor/filament/filament/src/Panel/Concerns/HasComponents.php(525): App\\Filament\\Admin\\Resources\\LogoResource::getPages()
#1 /var/www/html/vendor/filament/filament/src/Panel.php(69): Filament\\Panel->registerLivewireComponents()
#2 /var/www/html/vendor/filament/filament/src/PanelRegistry.php(19): Filament\\Panel->register()
#3 /var/www/html/vendor/filament/filament/src/Facades/Filament.php(140): Filament\\PanelRegistry->register(Object(Filament\\Panel))
#4 /var/www/html/vendor/laravel/framework/src/Illuminate/Container/Container.php(1495): Filament\\Facades\\Filament::Filament\\Facades\\{closure}(Object(Filament\\PanelRegistry), Object(Illuminate\\Foundation\\Application))
#5 /var/www/html/vendor/laravel/framework/src/Illuminate/Container/Container.php(1413): Illuminate\\Container\\Container->fireCallbackArray(Object(Filament\\PanelRegistry), Array)
#6 /var/www/html/vendor/laravel/framework/src/Illuminate/Container/Container.php(908): Illuminate\\Container\\Container->fireResolvingCallbacks('Filament\\\\PanelR...', Object(Filament\\PanelRegistry))
#7 /var/www/html/vendor/laravel/framework/src/Illuminate/Foundation/Application.php(1077): Illuminate\\Container\\Container->resolve('Filament\\\\PanelR...', Array, true)
#8 /var/www/html/vendor/laravel/framework/src/Illuminate/Container/Container.php(821): Illuminate\\Foundation\\Application->resolve('Filament\\\\PanelR...', Array)
#9 /var/www/html/vendor/laravel/framework/src/Illuminate/Foundation/Application.php(1057): Illuminate\\Container\\Container->make('Filament\\\\PanelR...', Array)
#10 /var/www/html/vendor/laravel/framework/src/Illuminate/Foundation/helpers.php(124): Illuminate\\Foundation\\Application->make('Filament\\\\PanelR...', Array)
#11 /var/www/html/vendor/filament/filament/src/FilamentManager.php(51): app('Filament\\\\PanelR...')
#12 /var/www/html/vendor/filament/filament/src/FilamentServiceProvider.php(48): Filament\\FilamentManager->__construct()
#13 /var/www/html/vendor/laravel/framework/src/Illuminate/Container/Container.php(1010): Filament\\FilamentServiceProvider->Filament\\{closure}(Object(Illuminate\\Foundation\\Application), Array)
#14 /var/www/html/vendor/laravel/framework/src/Illuminate/Container/Container.php(890): Illuminate\\Container\\Container->build(Object(Closure))
#15 /var/www/html/vendor/laravel/framework/src/Illuminate/Foundation/Application.php(1077): Illuminate\\Container\\Container->resolve('filament', Array, true)
#16 /var/www/html/vendor/laravel/framework/src/Illuminate/Container/Container.php(821): Illuminate\\Foundation\\Application->resolve('filament', Array)
#17 /var/www/html/vendor/laravel/framework/src/Illuminate/Foundation/Application.php(1057): Illuminate\\Container\\Container->make('filament', Array)
#18 /var/www/html/vendor/laravel/framework/src/Illuminate/Container/Container.php(1643): Illuminate\\Foundation\\Application->make('filament')
#19 /var/www/html/vendor/laravel/framework/src/Illuminate/Support/Facades/Facade.php(239): Illuminate\\Container\\Container->offsetGet('filament')
#20 /var/www/html/vendor/laravel/framework/src/Illuminate/Support/Facades/Facade.php(210): Illuminate\\Support\\Facades\\Facade::resolveFacadeInstance('filament')
#21 /var/www/html/vendor/laravel/framework/src/Illuminate/Support/Facades/Facade.php(355): Illuminate\\Support\\Facades\\Facade::getFacadeRoot()
#22 /var/www/html/vendor/filament/filament/routes/web.php(13): Illuminate\\Support\\Facades\\Facade::__callStatic('getPanels', Array)
#23 /var/www/html/vendor/laravel/framework/src/Illuminate/Routing/Router.php(510): Illuminate\\Support\\ServiceProvider->{closure}(Object(Illuminate\\Routing\\Router))
#24 /var/www/html/vendor/laravel/framework/src/Illuminate/Routing/Router.php(466): Illuminate\\Routing\\Router->loadRoutes(Object(Closure))
#25 /var/www/html/vendor/laravel/framework/src/Illuminate/Routing/RouteRegistrar.php(206): Illuminate\\Routing\\Router->group(Array, Object(Closure))
#26 /var/www/html/vendor/filament/filament/routes/web.php(12): Illuminate\\Routing\\RouteRegistrar->group(Object(Closure))
#27 /var/www/html/vendor/laravel/framework/src/Illuminate/Support/ServiceProvider.php(194): require('/var/www/html/v...')
#28 /var/www/html/vendor/spatie/laravel-package-tools/src/Concerns/PackageServiceProvider/ProcessRoutes.php(14): Illuminate\\Support\\ServiceProvider->loadRoutesFrom('/var/www/html/v...')
#29 /var/www/html/vendor/spatie/laravel-package-tools/src/PackageServiceProvider.php(85): Spatie\\LaravelPackageTools\\PackageServiceProvider->bootPackageRoutes()
#30 /var/www/html/vendor/laravel/framework/src/Illuminate/Container/BoundMethod.php(36): Spatie\\LaravelPackageTools\\PackageServiceProvider->boot()
#31 /var/www/html/vendor/laravel/framework/src/Illuminate/Container/Util.php(43): Illuminate\\Container\\BoundMethod::Illuminate\\Container\\{closure}()
#32 /var/www/html/vendor/laravel/framework/src/Illuminate/Container/BoundMethod.php(96): Illuminate\\Container\\Util::unwrapIfClosure(Object(Closure))
#33 /var/www/html/vendor/laravel/framework/src/Illuminate/Container/BoundMethod.php(35): Illuminate\\Container\\BoundMethod::callBoundMethod(Object(Illuminate\\Foundation\\Application), Array, Object(Closure))
#34 /var/www/html/vendor/laravel/framework/src/Illuminate/Container/Container.php(754): Illuminate\\Container\\BoundMethod::call(Object(Illuminate\\Foundation\\Application), Array, Array, NULL)
#35 /var/www/html/vendor/laravel/framework/src/Illuminate/Foundation/Application.php(1150): Illuminate\\Container\\Container->call(Array)
#36 /var/www/html/vendor/laravel/framework/src/Illuminate/Foundation/Application.php(1131): Illuminate\\Foundation\\Application->bootProvider(Object(Filament\\FilamentServiceProvider))
#37 [internal function]: Illuminate\\Foundation\\Application->Illuminate\\Foundation\\{closure}(Object(Filament\\FilamentServiceProvider), 'Filament\\\\Filame...')
#38 /var/www/html/vendor/laravel/framework/src/Illuminate/Foundation/Application.php(1130): array_walk(Array, Object(Closure))
#39 /var/www/html/vendor/laravel/framework/src/Illuminate/Foundation/Bootstrap/BootProviders.php(17): Illuminate\\Foundation\\Application->boot()
#40 /var/www/html/vendor/laravel/framework/src/Illuminate/Foundation/Application.php(341): Illuminate\\Foundation\\Bootstrap\\BootProviders->bootstrap(Object(Illuminate\\Foundation\\Application))
#41 /var/www/html/vendor/laravel/framework/src/Illuminate/Foundation/Console/Kernel.php(473): Illuminate\\Foundation\\Application->bootstrapWith(Array)
#42 /var/www/html/vendor/laravel/framework/src/Illuminate/Foundation/Console/Kernel.php(195): Illuminate\\Foundation\\Console\\Kernel->bootstrap()
#43 /var/www/html/vendor/laravel/framework/src/Illuminate/Foundation/Application.php(1234): Illuminate\\Foundation\\Console\\Kernel->handle(Object(Symfony\\Component\\Console\\Input\\ArgvInput), Object(Symfony\\Component\\Console\\Output\\ConsoleOutput))
#44 /var/www/html/artisan(16): Illuminate\\Foundation\\Application->handleCommand(Object(Symfony\\Component\\Console\\Input\\ArgvInput))
#45 {main}
"} 
[2025-04-21 13:47:42] local.ERROR: Class "App\Filament\Admin\Resources\LogoResource\Pages\ListLogos" not found {"exception":"[object] (Error(code: 0): Class \"App\\Filament\\Admin\\Resources\\LogoResource\\Pages\\ListLogos\" not found at /var/www/html/app/Filament/Admin/Resources/LogoResource.php:59)
[stacktrace]
#0 /var/www/html/vendor/filament/filament/src/Panel/Concerns/HasComponents.php(525): App\\Filament\\Admin\\Resources\\LogoResource::getPages()
#1 /var/www/html/vendor/filament/filament/src/Panel.php(69): Filament\\Panel->registerLivewireComponents()
#2 /var/www/html/vendor/filament/filament/src/PanelRegistry.php(19): Filament\\Panel->register()
#3 /var/www/html/vendor/filament/filament/src/Facades/Filament.php(140): Filament\\PanelRegistry->register(Object(Filament\\Panel))
#4 /var/www/html/vendor/laravel/framework/src/Illuminate/Container/Container.php(1495): Filament\\Facades\\Filament::Filament\\Facades\\{closure}(Object(Filament\\PanelRegistry), Object(Illuminate\\Foundation\\Application))
#5 /var/www/html/vendor/laravel/framework/src/Illuminate/Container/Container.php(1413): Illuminate\\Container\\Container->fireCallbackArray(Object(Filament\\PanelRegistry), Array)
#6 /var/www/html/vendor/laravel/framework/src/Illuminate/Container/Container.php(908): Illuminate\\Container\\Container->fireResolvingCallbacks('Filament\\\\PanelR...', Object(Filament\\PanelRegistry))
#7 /var/www/html/vendor/laravel/framework/src/Illuminate/Foundation/Application.php(1077): Illuminate\\Container\\Container->resolve('Filament\\\\PanelR...', Array, true)
#8 /var/www/html/vendor/laravel/framework/src/Illuminate/Container/Container.php(821): Illuminate\\Foundation\\Application->resolve('Filament\\\\PanelR...', Array)
#9 /var/www/html/vendor/laravel/framework/src/Illuminate/Foundation/Application.php(1057): Illuminate\\Container\\Container->make('Filament\\\\PanelR...', Array)
#10 /var/www/html/vendor/laravel/framework/src/Illuminate/Foundation/helpers.php(124): Illuminate\\Foundation\\Application->make('Filament\\\\PanelR...', Array)
#11 /var/www/html/vendor/filament/filament/src/FilamentManager.php(51): app('Filament\\\\PanelR...')
#12 /var/www/html/vendor/filament/filament/src/FilamentServiceProvider.php(48): Filament\\FilamentManager->__construct()
#13 /var/www/html/vendor/laravel/framework/src/Illuminate/Container/Container.php(1010): Filament\\FilamentServiceProvider->Filament\\{closure}(Object(Illuminate\\Foundation\\Application), Array)
#14 /var/www/html/vendor/laravel/framework/src/Illuminate/Container/Container.php(890): Illuminate\\Container\\Container->build(Object(Closure))
#15 /var/www/html/vendor/laravel/framework/src/Illuminate/Foundation/Application.php(1077): Illuminate\\Container\\Container->resolve('filament', Array, true)
#16 /var/www/html/vendor/laravel/framework/src/Illuminate/Container/Container.php(821): Illuminate\\Foundation\\Application->resolve('filament', Array)
#17 /var/www/html/vendor/laravel/framework/src/Illuminate/Foundation/Application.php(1057): Illuminate\\Container\\Container->make('filament', Array)
#18 /var/www/html/vendor/laravel/framework/src/Illuminate/Container/Container.php(1643): Illuminate\\Foundation\\Application->make('filament')
#19 /var/www/html/vendor/laravel/framework/src/Illuminate/Support/Facades/Facade.php(239): Illuminate\\Container\\Container->offsetGet('filament')
#20 /var/www/html/vendor/laravel/framework/src/Illuminate/Support/Facades/Facade.php(210): Illuminate\\Support\\Facades\\Facade::resolveFacadeInstance('filament')
#21 /var/www/html/vendor/laravel/framework/src/Illuminate/Support/Facades/Facade.php(355): Illuminate\\Support\\Facades\\Facade::getFacadeRoot()
#22 /var/www/html/vendor/filament/filament/routes/web.php(13): Illuminate\\Support\\Facades\\Facade::__callStatic('getPanels', Array)
#23 /var/www/html/vendor/laravel/framework/src/Illuminate/Routing/Router.php(510): Illuminate\\Support\\ServiceProvider->{closure}(Object(Illuminate\\Routing\\Router))
#24 /var/www/html/vendor/laravel/framework/src/Illuminate/Routing/Router.php(466): Illuminate\\Routing\\Router->loadRoutes(Object(Closure))
#25 /var/www/html/vendor/laravel/framework/src/Illuminate/Routing/RouteRegistrar.php(206): Illuminate\\Routing\\Router->group(Array, Object(Closure))
#26 /var/www/html/vendor/filament/filament/routes/web.php(12): Illuminate\\Routing\\RouteRegistrar->group(Object(Closure))
#27 /var/www/html/vendor/laravel/framework/src/Illuminate/Support/ServiceProvider.php(194): require('/var/www/html/v...')
#28 /var/www/html/vendor/spatie/laravel-package-tools/src/Concerns/PackageServiceProvider/ProcessRoutes.php(14): Illuminate\\Support\\ServiceProvider->loadRoutesFrom('/var/www/html/v...')
#29 /var/www/html/vendor/spatie/laravel-package-tools/src/PackageServiceProvider.php(85): Spatie\\LaravelPackageTools\\PackageServiceProvider->bootPackageRoutes()
#30 /var/www/html/vendor/laravel/framework/src/Illuminate/Container/BoundMethod.php(36): Spatie\\LaravelPackageTools\\PackageServiceProvider->boot()
#31 /var/www/html/vendor/laravel/framework/src/Illuminate/Container/Util.php(43): Illuminate\\Container\\BoundMethod::Illuminate\\Container\\{closure}()
#32 /var/www/html/vendor/laravel/framework/src/Illuminate/Container/BoundMethod.php(96): Illuminate\\Container\\Util::unwrapIfClosure(Object(Closure))
#33 /var/www/html/vendor/laravel/framework/src/Illuminate/Container/BoundMethod.php(35): Illuminate\\Container\\BoundMethod::callBoundMethod(Object(Illuminate\\Foundation\\Application), Array, Object(Closure))
#34 /var/www/html/vendor/laravel/framework/src/Illuminate/Container/Container.php(754): Illuminate\\Container\\BoundMethod::call(Object(Illuminate\\Foundation\\Application), Array, Array, NULL)
#35 /var/www/html/vendor/laravel/framework/src/Illuminate/Foundation/Application.php(1150): Illuminate\\Container\\Container->call(Array)
#36 /var/www/html/vendor/laravel/framework/src/Illuminate/Foundation/Application.php(1131): Illuminate\\Foundation\\Application->bootProvider(Object(Filament\\FilamentServiceProvider))
#37 [internal function]: Illuminate\\Foundation\\Application->Illuminate\\Foundation\\{closure}(Object(Filament\\FilamentServiceProvider), 'Filament\\\\Filame...')
#38 /var/www/html/vendor/laravel/framework/src/Illuminate/Foundation/Application.php(1130): array_walk(Array, Object(Closure))
#39 /var/www/html/vendor/laravel/framework/src/Illuminate/Foundation/Bootstrap/BootProviders.php(17): Illuminate\\Foundation\\Application->boot()
#40 /var/www/html/vendor/laravel/framework/src/Illuminate/Foundation/Application.php(341): Illuminate\\Foundation\\Bootstrap\\BootProviders->bootstrap(Object(Illuminate\\Foundation\\Application))
#41 /var/www/html/vendor/laravel/framework/src/Illuminate/Foundation/Http/Kernel.php(186): Illuminate\\Foundation\\Application->bootstrapWith(Array)
#42 /var/www/html/vendor/laravel/framework/src/Illuminate/Foundation/Http/Kernel.php(170): Illuminate\\Foundation\\Http\\Kernel->bootstrap()
#43 /var/www/html/vendor/laravel/framework/src/Illuminate/Foundation/Http/Kernel.php(144): Illuminate\\Foundation\\Http\\Kernel->sendRequestThroughRouter(Object(Illuminate\\Http\\Request))
#44 /var/www/html/vendor/laravel/framework/src/Illuminate/Foundation/Application.php(1219): Illuminate\\Foundation\\Http\\Kernel->handle(Object(Illuminate\\Http\\Request))
#45 /var/www/html/public/index.php(20): Illuminate\\Foundation\\Application->handleRequest(Object(Illuminate\\Http\\Request))
#46 {main}
"} 
[2025-04-21 13:52:01] local.ERROR: Class "App\Filament\Admin\Resources\LogoResource\Pages\ListLogos" not found {"exception":"[object] (Error(code: 0): Class \"App\\Filament\\Admin\\Resources\\LogoResource\\Pages\\ListLogos\" not found at /var/www/html/app/Filament/Admin/Resources/LogoResource.php:59)
[stacktrace]
#0 /var/www/html/vendor/filament/filament/src/Panel/Concerns/HasComponents.php(525): App\\Filament\\Admin\\Resources\\LogoResource::getPages()
#1 /var/www/html/vendor/filament/filament/src/Panel.php(69): Filament\\Panel->registerLivewireComponents()
#2 /var/www/html/vendor/filament/filament/src/PanelRegistry.php(19): Filament\\Panel->register()
#3 /var/www/html/vendor/filament/filament/src/Facades/Filament.php(140): Filament\\PanelRegistry->register(Object(Filament\\Panel))
#4 /var/www/html/vendor/laravel/framework/src/Illuminate/Container/Container.php(1495): Filament\\Facades\\Filament::Filament\\Facades\\{closure}(Object(Filament\\PanelRegistry), Object(Illuminate\\Foundation\\Application))
#5 /var/www/html/vendor/laravel/framework/src/Illuminate/Container/Container.php(1413): Illuminate\\Container\\Container->fireCallbackArray(Object(Filament\\PanelRegistry), Array)
#6 /var/www/html/vendor/laravel/framework/src/Illuminate/Container/Container.php(908): Illuminate\\Container\\Container->fireResolvingCallbacks('Filament\\\\PanelR...', Object(Filament\\PanelRegistry))
#7 /var/www/html/vendor/laravel/framework/src/Illuminate/Foundation/Application.php(1077): Illuminate\\Container\\Container->resolve('Filament\\\\PanelR...', Array, true)
#8 /var/www/html/vendor/laravel/framework/src/Illuminate/Container/Container.php(821): Illuminate\\Foundation\\Application->resolve('Filament\\\\PanelR...', Array)
#9 /var/www/html/vendor/laravel/framework/src/Illuminate/Foundation/Application.php(1057): Illuminate\\Container\\Container->make('Filament\\\\PanelR...', Array)
#10 /var/www/html/vendor/laravel/framework/src/Illuminate/Foundation/helpers.php(124): Illuminate\\Foundation\\Application->make('Filament\\\\PanelR...', Array)
#11 /var/www/html/vendor/filament/filament/src/FilamentManager.php(51): app('Filament\\\\PanelR...')
#12 /var/www/html/vendor/filament/filament/src/FilamentServiceProvider.php(48): Filament\\FilamentManager->__construct()
#13 /var/www/html/vendor/laravel/framework/src/Illuminate/Container/Container.php(1010): Filament\\FilamentServiceProvider->Filament\\{closure}(Object(Illuminate\\Foundation\\Application), Array)
#14 /var/www/html/vendor/laravel/framework/src/Illuminate/Container/Container.php(890): Illuminate\\Container\\Container->build(Object(Closure))
#15 /var/www/html/vendor/laravel/framework/src/Illuminate/Foundation/Application.php(1077): Illuminate\\Container\\Container->resolve('filament', Array, true)
#16 /var/www/html/vendor/laravel/framework/src/Illuminate/Container/Container.php(821): Illuminate\\Foundation\\Application->resolve('filament', Array)
#17 /var/www/html/vendor/laravel/framework/src/Illuminate/Foundation/Application.php(1057): Illuminate\\Container\\Container->make('filament', Array)
#18 /var/www/html/vendor/laravel/framework/src/Illuminate/Container/Container.php(1643): Illuminate\\Foundation\\Application->make('filament')
#19 /var/www/html/vendor/laravel/framework/src/Illuminate/Support/Facades/Facade.php(239): Illuminate\\Container\\Container->offsetGet('filament')
#20 /var/www/html/vendor/laravel/framework/src/Illuminate/Support/Facades/Facade.php(210): Illuminate\\Support\\Facades\\Facade::resolveFacadeInstance('filament')
#21 /var/www/html/vendor/laravel/framework/src/Illuminate/Support/Facades/Facade.php(355): Illuminate\\Support\\Facades\\Facade::getFacadeRoot()
#22 /var/www/html/vendor/filament/filament/routes/web.php(13): Illuminate\\Support\\Facades\\Facade::__callStatic('getPanels', Array)
#23 /var/www/html/vendor/laravel/framework/src/Illuminate/Routing/Router.php(510): Illuminate\\Support\\ServiceProvider->{closure}(Object(Illuminate\\Routing\\Router))
#24 /var/www/html/vendor/laravel/framework/src/Illuminate/Routing/Router.php(466): Illuminate\\Routing\\Router->loadRoutes(Object(Closure))
#25 /var/www/html/vendor/laravel/framework/src/Illuminate/Routing/RouteRegistrar.php(206): Illuminate\\Routing\\Router->group(Array, Object(Closure))
#26 /var/www/html/vendor/filament/filament/routes/web.php(12): Illuminate\\Routing\\RouteRegistrar->group(Object(Closure))
#27 /var/www/html/vendor/laravel/framework/src/Illuminate/Support/ServiceProvider.php(194): require('/var/www/html/v...')
#28 /var/www/html/vendor/spatie/laravel-package-tools/src/Concerns/PackageServiceProvider/ProcessRoutes.php(14): Illuminate\\Support\\ServiceProvider->loadRoutesFrom('/var/www/html/v...')
#29 /var/www/html/vendor/spatie/laravel-package-tools/src/PackageServiceProvider.php(85): Spatie\\LaravelPackageTools\\PackageServiceProvider->bootPackageRoutes()
#30 /var/www/html/vendor/laravel/framework/src/Illuminate/Container/BoundMethod.php(36): Spatie\\LaravelPackageTools\\PackageServiceProvider->boot()
#31 /var/www/html/vendor/laravel/framework/src/Illuminate/Container/Util.php(43): Illuminate\\Container\\BoundMethod::Illuminate\\Container\\{closure}()
#32 /var/www/html/vendor/laravel/framework/src/Illuminate/Container/BoundMethod.php(96): Illuminate\\Container\\Util::unwrapIfClosure(Object(Closure))
#33 /var/www/html/vendor/laravel/framework/src/Illuminate/Container/BoundMethod.php(35): Illuminate\\Container\\BoundMethod::callBoundMethod(Object(Illuminate\\Foundation\\Application), Array, Object(Closure))
#34 /var/www/html/vendor/laravel/framework/src/Illuminate/Container/Container.php(754): Illuminate\\Container\\BoundMethod::call(Object(Illuminate\\Foundation\\Application), Array, Array, NULL)
#35 /var/www/html/vendor/laravel/framework/src/Illuminate/Foundation/Application.php(1150): Illuminate\\Container\\Container->call(Array)
#36 /var/www/html/vendor/laravel/framework/src/Illuminate/Foundation/Application.php(1131): Illuminate\\Foundation\\Application->bootProvider(Object(Filament\\FilamentServiceProvider))
#37 [internal function]: Illuminate\\Foundation\\Application->Illuminate\\Foundation\\{closure}(Object(Filament\\FilamentServiceProvider), 'Filament\\\\Filame...')
#38 /var/www/html/vendor/laravel/framework/src/Illuminate/Foundation/Application.php(1130): array_walk(Array, Object(Closure))
#39 /var/www/html/vendor/laravel/framework/src/Illuminate/Foundation/Bootstrap/BootProviders.php(17): Illuminate\\Foundation\\Application->boot()
#40 /var/www/html/vendor/laravel/framework/src/Illuminate/Foundation/Application.php(341): Illuminate\\Foundation\\Bootstrap\\BootProviders->bootstrap(Object(Illuminate\\Foundation\\Application))
#41 /var/www/html/vendor/laravel/framework/src/Illuminate/Foundation/Console/Kernel.php(473): Illuminate\\Foundation\\Application->bootstrapWith(Array)
#42 /var/www/html/vendor/laravel/framework/src/Illuminate/Foundation/Console/Kernel.php(195): Illuminate\\Foundation\\Console\\Kernel->bootstrap()
#43 /var/www/html/vendor/laravel/framework/src/Illuminate/Foundation/Application.php(1234): Illuminate\\Foundation\\Console\\Kernel->handle(Object(Symfony\\Component\\Console\\Input\\ArgvInput), Object(Symfony\\Component\\Console\\Output\\ConsoleOutput))
#44 /var/www/html/artisan(16): Illuminate\\Foundation\\Application->handleCommand(Object(Symfony\\Component\\Console\\Input\\ArgvInput))
#45 {main}
"} 
[2025-04-21 13:54:51] local.ERROR: Class "App\Filament\Admin\Resources\LogoResource\Pages\CreateLogo" not found {"exception":"[object] (Error(code: 0): Class \"App\\Filament\\Admin\\Resources\\LogoResource\\Pages\\CreateLogo\" not found at /var/www/html/app/Filament/Admin/Resources/LogoResource.php:60)
[stacktrace]
#0 /var/www/html/vendor/filament/filament/src/Panel/Concerns/HasComponents.php(525): App\\Filament\\Admin\\Resources\\LogoResource::getPages()
#1 /var/www/html/vendor/filament/filament/src/Panel.php(69): Filament\\Panel->registerLivewireComponents()
#2 /var/www/html/vendor/filament/filament/src/PanelRegistry.php(19): Filament\\Panel->register()
#3 /var/www/html/vendor/filament/filament/src/Facades/Filament.php(140): Filament\\PanelRegistry->register(Object(Filament\\Panel))
#4 /var/www/html/vendor/laravel/framework/src/Illuminate/Container/Container.php(1495): Filament\\Facades\\Filament::Filament\\Facades\\{closure}(Object(Filament\\PanelRegistry), Object(Illuminate\\Foundation\\Application))
#5 /var/www/html/vendor/laravel/framework/src/Illuminate/Container/Container.php(1413): Illuminate\\Container\\Container->fireCallbackArray(Object(Filament\\PanelRegistry), Array)
#6 /var/www/html/vendor/laravel/framework/src/Illuminate/Container/Container.php(908): Illuminate\\Container\\Container->fireResolvingCallbacks('Filament\\\\PanelR...', Object(Filament\\PanelRegistry))
#7 /var/www/html/vendor/laravel/framework/src/Illuminate/Foundation/Application.php(1077): Illuminate\\Container\\Container->resolve('Filament\\\\PanelR...', Array, true)
#8 /var/www/html/vendor/laravel/framework/src/Illuminate/Container/Container.php(821): Illuminate\\Foundation\\Application->resolve('Filament\\\\PanelR...', Array)
#9 /var/www/html/vendor/laravel/framework/src/Illuminate/Foundation/Application.php(1057): Illuminate\\Container\\Container->make('Filament\\\\PanelR...', Array)
#10 /var/www/html/vendor/laravel/framework/src/Illuminate/Foundation/helpers.php(124): Illuminate\\Foundation\\Application->make('Filament\\\\PanelR...', Array)
#11 /var/www/html/vendor/filament/filament/src/FilamentManager.php(51): app('Filament\\\\PanelR...')
#12 /var/www/html/vendor/filament/filament/src/FilamentServiceProvider.php(48): Filament\\FilamentManager->__construct()
#13 /var/www/html/vendor/laravel/framework/src/Illuminate/Container/Container.php(1010): Filament\\FilamentServiceProvider->Filament\\{closure}(Object(Illuminate\\Foundation\\Application), Array)
#14 /var/www/html/vendor/laravel/framework/src/Illuminate/Container/Container.php(890): Illuminate\\Container\\Container->build(Object(Closure))
#15 /var/www/html/vendor/laravel/framework/src/Illuminate/Foundation/Application.php(1077): Illuminate\\Container\\Container->resolve('filament', Array, true)
#16 /var/www/html/vendor/laravel/framework/src/Illuminate/Container/Container.php(821): Illuminate\\Foundation\\Application->resolve('filament', Array)
#17 /var/www/html/vendor/laravel/framework/src/Illuminate/Foundation/Application.php(1057): Illuminate\\Container\\Container->make('filament', Array)
#18 /var/www/html/vendor/laravel/framework/src/Illuminate/Container/Container.php(1643): Illuminate\\Foundation\\Application->make('filament')
#19 /var/www/html/vendor/laravel/framework/src/Illuminate/Support/Facades/Facade.php(239): Illuminate\\Container\\Container->offsetGet('filament')
#20 /var/www/html/vendor/laravel/framework/src/Illuminate/Support/Facades/Facade.php(210): Illuminate\\Support\\Facades\\Facade::resolveFacadeInstance('filament')
#21 /var/www/html/vendor/laravel/framework/src/Illuminate/Support/Facades/Facade.php(355): Illuminate\\Support\\Facades\\Facade::getFacadeRoot()
#22 /var/www/html/vendor/filament/filament/routes/web.php(13): Illuminate\\Support\\Facades\\Facade::__callStatic('getPanels', Array)
#23 /var/www/html/vendor/laravel/framework/src/Illuminate/Routing/Router.php(510): Illuminate\\Support\\ServiceProvider->{closure}(Object(Illuminate\\Routing\\Router))
#24 /var/www/html/vendor/laravel/framework/src/Illuminate/Routing/Router.php(466): Illuminate\\Routing\\Router->loadRoutes(Object(Closure))
#25 /var/www/html/vendor/laravel/framework/src/Illuminate/Routing/RouteRegistrar.php(206): Illuminate\\Routing\\Router->group(Array, Object(Closure))
#26 /var/www/html/vendor/filament/filament/routes/web.php(12): Illuminate\\Routing\\RouteRegistrar->group(Object(Closure))
#27 /var/www/html/vendor/laravel/framework/src/Illuminate/Support/ServiceProvider.php(194): require('/var/www/html/v...')
#28 /var/www/html/vendor/spatie/laravel-package-tools/src/Concerns/PackageServiceProvider/ProcessRoutes.php(14): Illuminate\\Support\\ServiceProvider->loadRoutesFrom('/var/www/html/v...')
#29 /var/www/html/vendor/spatie/laravel-package-tools/src/PackageServiceProvider.php(85): Spatie\\LaravelPackageTools\\PackageServiceProvider->bootPackageRoutes()
#30 /var/www/html/vendor/laravel/framework/src/Illuminate/Container/BoundMethod.php(36): Spatie\\LaravelPackageTools\\PackageServiceProvider->boot()
#31 /var/www/html/vendor/laravel/framework/src/Illuminate/Container/Util.php(43): Illuminate\\Container\\BoundMethod::Illuminate\\Container\\{closure}()
#32 /var/www/html/vendor/laravel/framework/src/Illuminate/Container/BoundMethod.php(96): Illuminate\\Container\\Util::unwrapIfClosure(Object(Closure))
#33 /var/www/html/vendor/laravel/framework/src/Illuminate/Container/BoundMethod.php(35): Illuminate\\Container\\BoundMethod::callBoundMethod(Object(Illuminate\\Foundation\\Application), Array, Object(Closure))
#34 /var/www/html/vendor/laravel/framework/src/Illuminate/Container/Container.php(754): Illuminate\\Container\\BoundMethod::call(Object(Illuminate\\Foundation\\Application), Array, Array, NULL)
#35 /var/www/html/vendor/laravel/framework/src/Illuminate/Foundation/Application.php(1150): Illuminate\\Container\\Container->call(Array)
#36 /var/www/html/vendor/laravel/framework/src/Illuminate/Foundation/Application.php(1131): Illuminate\\Foundation\\Application->bootProvider(Object(Filament\\FilamentServiceProvider))
#37 [internal function]: Illuminate\\Foundation\\Application->Illuminate\\Foundation\\{closure}(Object(Filament\\FilamentServiceProvider), 'Filament\\\\Filame...')
#38 /var/www/html/vendor/laravel/framework/src/Illuminate/Foundation/Application.php(1130): array_walk(Array, Object(Closure))
#39 /var/www/html/vendor/laravel/framework/src/Illuminate/Foundation/Bootstrap/BootProviders.php(17): Illuminate\\Foundation\\Application->boot()
#40 /var/www/html/vendor/laravel/framework/src/Illuminate/Foundation/Application.php(341): Illuminate\\Foundation\\Bootstrap\\BootProviders->bootstrap(Object(Illuminate\\Foundation\\Application))
#41 /var/www/html/vendor/laravel/framework/src/Illuminate/Foundation/Console/Kernel.php(473): Illuminate\\Foundation\\Application->bootstrapWith(Array)
#42 /var/www/html/vendor/laravel/framework/src/Illuminate/Foundation/Console/Kernel.php(195): Illuminate\\Foundation\\Console\\Kernel->bootstrap()
#43 /var/www/html/vendor/laravel/framework/src/Illuminate/Foundation/Application.php(1234): Illuminate\\Foundation\\Console\\Kernel->handle(Object(Symfony\\Component\\Console\\Input\\ArgvInput), Object(Symfony\\Component\\Console\\Output\\ConsoleOutput))
#44 /var/www/html/artisan(16): Illuminate\\Foundation\\Application->handleCommand(Object(Symfony\\Component\\Console\\Input\\ArgvInput))
#45 {main}
"} 
